* ******************************************************************************

* iCEcube Packer

* Version:            2020.12.27943

* Build Date:         Dec  9 2020 17:31:51

* File Generated:     Feb 13 2025 19:47:14

* Purpose:            General info of design implementation

* Copyright (C) 2006-2010 by Lattice Semiconductor Corp. All rights reserved.

* ******************************************************************************

Command Line: C:\lscc\iCEcube2.2020.12\sbt_backend\bin\win32\opt\packer.exe  C:\lscc\iCEcube2.2020.12\sbt_backend\devices\ICE40P01.dev  C:/Users/Deniz_xbibqhy/OneDrive/Desktop/FPGA/PROJECTS/Project7/Project7_Implmnt\sbt\netlist\oadb-Project_7_Segment_Top  --package  VQ100  --outdir  C:/Users/Deniz_xbibqhy/OneDrive/Desktop/FPGA/PROJECTS/Project7/Project7_Implmnt\sbt\outputs\packer  --translator  C:\lscc\iCEcube2.2020.12\sbt_backend\bin\sdc_translator.tcl  --src_sdc_file  C:/Users/Deniz_xbibqhy/OneDrive/Desktop/FPGA/PROJECTS/Project7/Project7_Implmnt\sbt\outputs\placer\Project_7_Segment_Top_pl.sdc  --dst_sdc_file  C:/Users/Deniz_xbibqhy/OneDrive/Desktop/FPGA/PROJECTS/Project7/Project7_Implmnt\sbt\outputs\packer\Project_7_Segment_Top_pk.sdc  --devicename  iCE40HX1K  

***** Device Info *****
Chip: iCE40HX1K
Package: VQ100
Size: 12 X 16

***** Design Utilization Info *****
Design: Project_7_Segment_Top
Used Logic Cell: 46/1280
Used Logic Tile: 9/160
Used IO Cell:    9/112
Used Bram Cell For iCE40: 0/16
Used PLL For iCE40: 0/0
Ram Cascading Used: 0
Lut Cascading Used: 1

***** Clock Info *****
Clock Domain: i_Clk_c_g
Clock Source: i_clk 
Clock Driver: i_Clk_ibuf_gb_io (ICE_GB_IO)
Driver Position: (0, 8, 1)
Fanout to FF: 31
Fanout to Tile: 8


***** Placement Info *****
Logic cell utilization per tile
    . . . . + . . . . 1 . . . . 
   ----------------------------
17|                             
16|   6 0 0 0 0 0 0 0 0 0 0 0   
15|   0 0 0 0 0 0 0 0 0 0 0 0   
14|   0 0 0 0 0 0 0 0 0 0 0 0   
13|   6 0 0 0 0 0 0 0 0 0 0 0   
12|   3 0 0 0 0 0 0 0 0 0 0 0   
11|   6 2 0 0 0 0 0 0 0 0 0 0   
10|   2 8 0 0 0 0 0 0 0 0 0 0   
 9|   5 8 0 0 0 0 0 0 0 0 0 0   
 8|   0 0 0 0 0 0 0 0 0 0 0 0   
 7|   0 0 0 0 0 0 0 0 0 0 0 0   
 6|   0 0 0 0 0 0 0 0 0 0 0 0   
 5|   0 0 0 0 0 0 0 0 0 0 0 0   
 4|   0 0 0 0 0 0 0 0 0 0 0 0   
 3|   0 0 0 0 0 0 0 0 0 0 0 0   
 2|   0 0 0 0 0 0 0 0 0 0 0 0   
 1|   0 0 0 0 0 0 0 0 0 0 0 0   
 0|                             

Maximum number of Logic cells per logic tile: 8
Average number of Logic cells per logic tile: 5.11

***** Input Pin Density Info *****
Number of input nets per logic tile
     .  .  .  .  +  .  .  .  .  1  .  .  .  . 
   ------------------------------------------
17|                                           
16|     4  0  0  0  0  0  0  0  0  0  0  0    
15|     0  0  0  0  0  0  0  0  0  0  0  0    
14|     0  0  0  0  0  0  0  0  0  0  0  0    
13|     7  0  0  0  0  0  0  0  0  0  0  0    
12|     3  0  0  0  0  0  0  0  0  0  0  0    
11|    22  4  0  0  0  0  0  0  0  0  0  0    
10|     5 16  0  0  0  0  0  0  0  0  0  0    
 9|    20 16  0  0  0  0  0  0  0  0  0  0    
 8|     0  0  0  0  0  0  0  0  0  0  0  0    
 7|     0  0  0  0  0  0  0  0  0  0  0  0    
 6|     0  0  0  0  0  0  0  0  0  0  0  0    
 5|     0  0  0  0  0  0  0  0  0  0  0  0    
 4|     0  0  0  0  0  0  0  0  0  0  0  0    
 3|     0  0  0  0  0  0  0  0  0  0  0  0    
 2|     0  0  0  0  0  0  0  0  0  0  0  0    
 1|     0  0  0  0  0  0  0  0  0  0  0  0    
 0|                                           

Maximum number of input nets per logic tile: 22
Average number of input nets per logic tile: 10.78

Number of input pins per logic tile
     .  .  .  .  +  .  .  .  .  1  .  .  .  . 
   ------------------------------------------
17|                                           
16|    24  0  0  0  0  0  0  0  0  0  0  0    
15|     0  0  0  0  0  0  0  0  0  0  0  0    
14|     0  0  0  0  0  0  0  0  0  0  0  0    
13|    23  0  0  0  0  0  0  0  0  0  0  0    
12|     6  0  0  0  0  0  0  0  0  0  0  0    
11|    22  4  0  0  0  0  0  0  0  0  0  0    
10|     5 16  0  0  0  0  0  0  0  0  0  0    
 9|    20 16  0  0  0  0  0  0  0  0  0  0    
 8|     0  0  0  0  0  0  0  0  0  0  0  0    
 7|     0  0  0  0  0  0  0  0  0  0  0  0    
 6|     0  0  0  0  0  0  0  0  0  0  0  0    
 5|     0  0  0  0  0  0  0  0  0  0  0  0    
 4|     0  0  0  0  0  0  0  0  0  0  0  0    
 3|     0  0  0  0  0  0  0  0  0  0  0  0    
 2|     0  0  0  0  0  0  0  0  0  0  0  0    
 1|     0  0  0  0  0  0  0  0  0  0  0  0    
 0|                                           

Maximum number of input pins per logic tile: 24
Average number of input pins per logic tile: 15.11

***** Run Time Info *****
Run Time:  1
