Running in Lattice mode


Starting:    C:\lscc\iCEcube2.2020.12\synpbase\bin64\mbin\synbatch.exe
Install:     C:\lscc\iCEcube2.2020.12\synpbase
Hostname:    DENIZ
Date:        Thu Feb 13 19:47:02 2025
Version:     L-2016.09L+ice40

Arguments:   -product synplify_pro -batch Project7_syn.prj
ProductType: synplify_pro





log file: "C:\Users\Deniz_xbibqhy\OneDrive\Desktop\FPGA\PROJECTS\Project7\Project7_Implmnt\Project7.srr"
Running: Project7_Implmnt in foreground

Running Project7_syn|Project7_Implmnt

Running: compile (Compile) on Project7_syn|Project7_Implmnt
# Thu Feb 13 19:47:02 2025

Running: compile_flow (Compile Process) on Project7_syn|Project7_Implmnt
# Thu Feb 13 19:47:02 2025

Running: compiler (Compile Input) on Project7_syn|Project7_Implmnt
# Thu Feb 13 19:47:02 2025
Copied C:\Users\Deniz_xbibqhy\OneDrive\Desktop\FPGA\PROJECTS\Project7\Project7_Implmnt\synwork\Project7_comp.srs to C:\Users\Deniz_xbibqhy\OneDrive\Desktop\FPGA\PROJECTS\Project7\Project7_Implmnt\Project7.srs

compiler completed
# Thu Feb 13 19:47:04 2025

Return Code: 0
Run Time:00h:00m:02s

Running: multi_srs_gen (Multi-srs Generator) on Project7_syn|Project7_Implmnt
# Thu Feb 13 19:47:04 2025

multi_srs_gen completed
# Thu Feb 13 19:47:04 2025

Return Code: 0
Run Time:00h:00m:00s
Copied C:\Users\Deniz_xbibqhy\OneDrive\Desktop\FPGA\PROJECTS\Project7\Project7_Implmnt\synwork\Project7_mult.srs to C:\Users\Deniz_xbibqhy\OneDrive\Desktop\FPGA\PROJECTS\Project7\Project7_Implmnt\Project7.srs
Complete: Compile Process on Project7_syn|Project7_Implmnt

Running: premap (Pre-mapping) on Project7_syn|Project7_Implmnt
# Thu Feb 13 19:47:04 2025

premap completed
# Thu Feb 13 19:47:04 2025

Return Code: 0
Run Time:00h:00m:00s
Complete: Compile on Project7_syn|Project7_Implmnt

Running: map (Map) on Project7_syn|Project7_Implmnt
# Thu Feb 13 19:47:04 2025
License granted for 4 parallel jobs

Running: fpga_mapper (Map & Optimize) on Project7_syn|Project7_Implmnt
# Thu Feb 13 19:47:04 2025
Copied C:\Users\Deniz_xbibqhy\OneDrive\Desktop\FPGA\PROJECTS\Project7\Project7_Implmnt\synwork\Project7_m.srm to C:\Users\Deniz_xbibqhy\OneDrive\Desktop\FPGA\PROJECTS\Project7\Project7_Implmnt\Project7.srm

fpga_mapper completed with warnings
# Thu Feb 13 19:47:05 2025

Return Code: 1
Run Time:00h:00m:01s
Complete: Map on Project7_syn|Project7_Implmnt
Complete: Logic Synthesis on Project7_syn|Project7_Implmnt

exit status=0

exit status=0

