---------------------------------------
Resource Usage Report for Project_7_Segment_Top 

Mapping to part: ice40hx1kvq100
Cell usage:
GND             2 uses
SB_CARRY        22 uses
SB_DFF          20 uses
SB_DFFR         4 uses
SB_DFFSR        18 uses
SB_GB           1 use
VCC             2 uses
SB_LUT4         56 uses

I/O ports: 16
I/O primitives: 16
SB_GB_IO       1 use
SB_IO          15 uses

I/O Register bits:                  0
Register bits not including I/Os:   42 (3%)

@S |Mapping Summary:
Total  LUTs: 56 (4%)

Distribution of All Consumed LUTs = LUT4 
Distribution of All Consumed Luts 56 = 56 

