Running in Lattice mode


Starting:    C:\lscc\iCEcube2.2020.12\synpbase\bin64\mbin\synbatch.exe
Install:     C:\lscc\iCEcube2.2020.12\synpbase
Hostname:    DENIZ
Date:        Mon Oct 21 15:08:59 2024
Version:     L-2016.09L+ice40

Arguments:   -product synplify_pro -batch j_syn.prj
ProductType: synplify_pro





log file: "C:\Users\Deniz_xbibqhy\OneDrive\Desktop\FPGA\PROJECTS\project1\j_Implmnt\j.srr"
Running: j_Implmnt in foreground

Running j_syn|j_Implmnt

Running: compile (Compile) on j_syn|j_Implmnt
# Mon Oct 21 15:08:59 2024

Running: compile_flow (Compile Process) on j_syn|j_Implmnt
# Mon Oct 21 15:08:59 2024

Running: compiler (Compile Input) on j_syn|j_Implmnt
# Mon Oct 21 15:08:59 2024
Copied C:\Users\Deniz_xbibqhy\OneDrive\Desktop\FPGA\PROJECTS\project1\j_Implmnt\synwork\j_comp.srs to C:\Users\Deniz_xbibqhy\OneDrive\Desktop\FPGA\PROJECTS\project1\j_Implmnt\j.srs

compiler completed
# Mon Oct 21 15:09:00 2024

Return Code: 0
Run Time:00h:00m:01s

Running: multi_srs_gen (Multi-srs Generator) on j_syn|j_Implmnt
# Mon Oct 21 15:09:00 2024

multi_srs_gen completed
# Mon Oct 21 15:09:00 2024

Return Code: 0
Run Time:00h:00m:00s
Copied C:\Users\Deniz_xbibqhy\OneDrive\Desktop\FPGA\PROJECTS\project1\j_Implmnt\synwork\j_mult.srs to C:\Users\Deniz_xbibqhy\OneDrive\Desktop\FPGA\PROJECTS\project1\j_Implmnt\j.srs
Complete: Compile Process on j_syn|j_Implmnt

Running: premap (Pre-mapping) on j_syn|j_Implmnt
# Mon Oct 21 15:09:00 2024

premap completed
# Mon Oct 21 15:09:01 2024

Return Code: 0
Run Time:00h:00m:01s
Complete: Compile on j_syn|j_Implmnt

Running: map (Map) on j_syn|j_Implmnt
# Mon Oct 21 15:09:01 2024
License granted for 4 parallel jobs

Running: fpga_mapper (Map & Optimize) on j_syn|j_Implmnt
# Mon Oct 21 15:09:01 2024
Copied C:\Users\Deniz_xbibqhy\OneDrive\Desktop\FPGA\PROJECTS\project1\j_Implmnt\synwork\j_m.srm to C:\Users\Deniz_xbibqhy\OneDrive\Desktop\FPGA\PROJECTS\project1\j_Implmnt\j.srm

fpga_mapper completed
# Mon Oct 21 15:09:01 2024

Return Code: 0
Run Time:00h:00m:00s
Complete: Map on j_syn|j_Implmnt
Complete: Logic Synthesis on j_syn|j_Implmnt

exit status=0

exit status=0

