Running in Lattice mode


Starting:    C:\lscc\iCEcube2.2020.12\synpbase\bin64\mbin\synbatch.exe
Install:     C:\lscc\iCEcube2.2020.12\synpbase
Hostname:    DENIZ
Date:        Sun Oct 27 12:21:09 2024
Version:     L-2016.09L+ice40

Arguments:   -product synplify_pro -batch project4_test_syn.prj
ProductType: synplify_pro





log file: "C:\Users\Deniz_xbibqhy\OneDrive\Desktop\FPGA\PROJECTS\project4_test\project4_test_Implmnt\project4_test.srr"
Running: project4_test_Implmnt in foreground

Running project4_test_syn|project4_test_Implmnt

Running: compile (Compile) on project4_test_syn|project4_test_Implmnt
# Sun Oct 27 12:21:09 2024

Running: compile_flow (Compile Process) on project4_test_syn|project4_test_Implmnt
# Sun Oct 27 12:21:09 2024

Running: compiler (Compile Input) on project4_test_syn|project4_test_Implmnt
# Sun Oct 27 12:21:09 2024
Copied C:\Users\Deniz_xbibqhy\OneDrive\Desktop\FPGA\PROJECTS\project4_test\project4_test_Implmnt\synwork\project4_test_comp.srs to C:\Users\Deniz_xbibqhy\OneDrive\Desktop\FPGA\PROJECTS\project4_test\project4_test_Implmnt\project4_test.srs

compiler completed
# Sun Oct 27 12:21:10 2024

Return Code: 0
Run Time:00h:00m:01s

Running: multi_srs_gen (Multi-srs Generator) on project4_test_syn|project4_test_Implmnt
# Sun Oct 27 12:21:10 2024

multi_srs_gen completed
# Sun Oct 27 12:21:10 2024

Return Code: 0
Run Time:00h:00m:00s
Copied C:\Users\Deniz_xbibqhy\OneDrive\Desktop\FPGA\PROJECTS\project4_test\project4_test_Implmnt\synwork\project4_test_mult.srs to C:\Users\Deniz_xbibqhy\OneDrive\Desktop\FPGA\PROJECTS\project4_test\project4_test_Implmnt\project4_test.srs
Complete: Compile Process on project4_test_syn|project4_test_Implmnt

Running: premap (Pre-mapping) on project4_test_syn|project4_test_Implmnt
# Sun Oct 27 12:21:10 2024

premap completed
# Sun Oct 27 12:21:10 2024

Return Code: 0
Run Time:00h:00m:00s
Complete: Compile on project4_test_syn|project4_test_Implmnt

Running: map (Map) on project4_test_syn|project4_test_Implmnt
# Sun Oct 27 12:21:10 2024
License granted for 4 parallel jobs

Running: fpga_mapper (Map & Optimize) on project4_test_syn|project4_test_Implmnt
# Sun Oct 27 12:21:10 2024
Copied C:\Users\Deniz_xbibqhy\OneDrive\Desktop\FPGA\PROJECTS\project4_test\project4_test_Implmnt\synwork\project4_test_m.srm to C:\Users\Deniz_xbibqhy\OneDrive\Desktop\FPGA\PROJECTS\project4_test\project4_test_Implmnt\project4_test.srm

fpga_mapper completed with warnings
# Sun Oct 27 12:21:11 2024

Return Code: 1
Run Time:00h:00m:01s
Complete: Map on project4_test_syn|project4_test_Implmnt
Complete: Logic Synthesis on project4_test_syn|project4_test_Implmnt

exit status=0

exit status=0

